info: Starting FaceIT scraper {}
info: Error creating data directory: ENOENT: no such file or directory, mkdir 'C:\tmp\faceit_scraper.\data' {}
info: Starting cycle {}
info: Starting cycle {}
info: Starting cycle {}
info: Starting cycle {}
info: Starting cycle {}
info: Starting cycle {}
info: Starting cycle {}
info: Starting cycle {}
info: Starting cycle {}
info: Starting cycle {}
info: Starting cycle {}
info: Starting cycle {}
info: Starting cycle {}
info: Starting cycle {}
info: Starting cycle {}
info: Starting cycle {}
info: Starting cycle {}
info: Starting cycle {}
info: Starting cycle {}
info: Starting cycle {}
info: Starting cycle {}
info: Starting cycle {}
info: Starting cycle {}
info: Starting cycle {}
info: Starting cycle {}
info: Starting cycle {}
info: Starting cycle {}
info: Starting cycle {}
info: Starting cycle {}
info: Starting cycle {}
info: Starting cycle {}
info: Starting cycle {}
info: Starting cycle {}
info: Starting cycle {}
info: Starting cycle {}
info: Starting cycle {}
info: Starting cycle {}
info: Starting cycle {}
info: Starting cycle {}
info: Starting cycle {}
info: Starting cycle {}
info: Starting cycle {}
info: Starting cycle {}
info: Starting cycle {}
info: Starting cycle {}
info: Starting cycle {}
info: Starting cycle {}
info: Starting cycle {}
info: Starting cycle {}
info: Starting cycle {}
info: Starting cycle {}
info: Starting cycle {}
info: Starting cycle {}
info: Starting cycle {}
info: Starting cycle {}
info: Starting cycle {}
info: Starting cycle {}
info: Starting cycle {}
info: Starting cycle {}
info: Starting cycle {}
info: Starting cycle {}
info: Starting cycle {}
info: Starting cycle {}
info: Starting cycle {}
info: Starting cycle {}
info: Starting cycle {}
info: Starting cycle {}
info: Starting cycle {}
info: Starting cycle {}
info: Starting cycle {}
info: Starting cycle {}
info: Starting cycle {}
info: Starting cycle {}
info: Starting cycle {}
info: Starting cycle {}
info: Starting cycle {}
info: Starting cycle {}
info: Starting cycle {}
info: Starting cycle {}
info: Starting cycle {}
info: Starting cycle {}
info: Starting cycle {}
info: Starting cycle {}
info: Starting cycle {}
info: Starting cycle {}
info: Starting cycle {}
info: Starting cycle {}
info: Starting cycle {}
info: Starting cycle {}
info: Starting cycle {}
info: Starting cycle {}
info: Starting cycle {}
info: Starting cycle {}
info: Starting cycle {}
info: Starting cycle {}
info: Starting cycle {}
info: Starting cycle {}
info: Starting cycle {}
info: Starting cycle {}
info: Starting cycle {}
info: Starting cycle {}
info: Starting cycle {}
info: Starting cycle {}
info: Starting cycle {}
info: Starting cycle {}
info: Starting cycle {}
info: Starting cycle {}
info: Starting cycle {}
info: Starting cycle {}
info: Starting cycle {}
info: Starting cycle {}
info: Starting cycle {}
info: Starting cycle {}
info: Starting cycle {}
info: Starting cycle {}
info: Starting cycle {}
info: Starting cycle {}
info: Starting cycle {}
info: Starting cycle {}
info: Starting cycle {}
info: Starting cycle {}
info: Starting cycle {}
info: Starting cycle {}
info: Starting cycle {}
info: Starting cycle {}
info: Starting cycle {}
info: Starting cycle {}
info: Starting cycle {}
info: Starting cycle {}
info: Starting cycle {}
info: Starting cycle {}
info: Starting cycle {}
info: Starting cycle {}
info: Starting cycle {}
info: Starting cycle {}
info: Starting cycle {}
info: Starting cycle {}
info: Starting cycle {}
info: Starting cycle {}
info: Starting cycle {}
info: Starting cycle {}
info: Starting cycle {}
info: Starting cycle {}
info: Starting cycle {}
info: Starting cycle {}
info: Starting cycle {}
info: Starting cycle {}
info: Starting cycle {}
info: Starting cycle {}
info: Starting cycle {}
info: Starting cycle {}
info: Starting cycle {}
info: Starting cycle {}
info: Starting cycle {}
info: Starting cycle {}
info: Starting cycle {}
info: Starting cycle {}
info: Starting cycle {}
info: Starting cycle {}
info: Starting cycle {}
info: Starting cycle {}
info: Starting cycle {}
info: Starting cycle {}
info: Starting cycle {}
info: Starting cycle {}
info: Starting cycle {}
info: Starting cycle {}
info: Starting cycle {}
info: Starting cycle {}
info: Starting cycle {}
info: Starting cycle {}
info: Starting cycle {}
info: Starting cycle {}
info: Starting cycle {}
info: Starting cycle {}
info: Starting cycle {}
info: Starting cycle {}
info: Starting cycle {}
info: Starting cycle {}
info: Starting cycle {}
info: Starting cycle {}
info: Starting cycle {}
info: Starting cycle {}
info: Starting cycle {}
info: Starting cycle {}
info: Starting cycle {}
info: Starting cycle {}
info: Starting cycle {}
info: Starting cycle {}
info: Starting cycle {}
info: Starting cycle {}
info: Starting cycle {}
info: Starting cycle {}
info: Starting cycle {}
info: Starting cycle {}
info: Starting cycle {}
info: Starting cycle {}
info: Starting cycle {}
info: Starting cycle {}
info: Starting cycle {}
info: Starting cycle {}
info: Starting cycle {}
info: Starting cycle {}
info: Starting cycle {}
info: Starting cycle {}
info: Starting cycle {}
info: Starting cycle {}
info: Starting cycle {}
info: Starting cycle {}
info: Starting cycle {}
info: Starting cycle {}
info: Starting cycle {}
info: Starting cycle {}
info: Starting cycle {}
info: Starting cycle {}
info: Starting cycle {}
info: Starting cycle {}
info: Starting cycle {}
info: Starting cycle {}
info: Starting cycle {}
info: Starting cycle {}
info: Starting cycle {}
info: Starting cycle {}
info: Starting cycle {}
info: Starting cycle {}
info: Starting cycle {}
info: Starting cycle {}
info: Starting cycle {}
info: Starting cycle {}
info: Starting cycle {}
info: Starting cycle {}
info: Starting cycle {}
info: Starting cycle {}
info: Starting cycle {}
info: Starting cycle {}
info: Starting cycle {}
info: Starting cycle {}
info: Starting cycle {}
info: Starting cycle {}
info: Starting cycle {}
info: Starting cycle {}
info: Starting cycle {}
info: Starting cycle {}
info: Starting cycle {}
info: Starting cycle {}
info: Starting cycle {}
info: Starting cycle {}
info: Starting cycle {}
info: Starting cycle {}
info: Starting cycle {}
info: Starting cycle {}
info: Starting cycle {}
info: Starting cycle {}
info: Starting cycle {}
info: Starting cycle {}
info: Starting cycle {}
info: Starting cycle {}
info: Starting cycle {}
info: Starting cycle {}
info: Starting cycle {}
info: Starting cycle {}
info: Starting cycle {}
info: Starting cycle {}
info: Starting cycle {}
info: Starting cycle {}
info: Starting cycle {}
info: Starting cycle {}
info: Starting cycle {}
info: Starting cycle {}
info: Starting cycle {}
info: Starting cycle {}
info: Starting cycle {}
info: Starting cycle {}
info: Starting cycle {}
info: Starting cycle {}
info: Starting cycle {}
info: Starting cycle {}
info: Starting cycle {}
info: Starting cycle {}
info: Starting cycle {}
info: Starting cycle {}
info: Starting cycle {}
info: Starting cycle {}
info: Starting cycle {}
info: Starting cycle {}
info: Starting cycle {}
info: Starting cycle {}
info: Starting cycle {}
info: Starting cycle {}
info: Starting cycle {}
info: Starting cycle {}
info: Starting cycle {}
info: Starting cycle {}
info: Starting cycle {}
info: Starting cycle {}
info: Starting cycle {}
info: Starting cycle {}
info: Starting cycle {}
info: Starting cycle {}
info: Starting cycle {}
info: Starting cycle {}
info: Starting cycle {}
info: Starting cycle {}
info: Starting cycle {}
info: Starting cycle {}
info: Starting cycle {}
info: Starting cycle {}
info: Starting cycle {}
info: Starting cycle {}
info: Starting cycle {}
info: Starting cycle {}
info: Starting cycle {}
info: Starting cycle {}
info: Starting cycle {}
info: Starting cycle {}
info: Starting cycle {}
info: Starting cycle {}
info: Starting cycle {}
info: Starting cycle {}
info: Starting cycle {}
info: Starting cycle {}
info: Starting cycle {}
info: Starting cycle {}
info: Starting cycle {}
info: Starting cycle {}
info: Starting cycle {}
info: Starting cycle {}
info: Starting cycle {}
info: Starting cycle {}
info: Starting cycle {}
info: Starting cycle {}
info: Starting cycle {}
info: Starting cycle {}
info: Starting cycle {}
info: Starting cycle {}
info: Starting cycle {}
info: Starting cycle {}
info: Starting cycle {}
info: Starting cycle {}
info: Starting cycle {}
info: Starting cycle {}
info: Starting cycle {}
info: Starting cycle {}
info: Starting cycle {}
info: Starting cycle {}
info: Starting cycle {}
info: Starting cycle {}
info: Starting cycle {}
info: Starting cycle {}
info: Starting cycle {}
info: Starting cycle {}
info: Starting cycle {}
info: Starting cycle {}
info: Starting cycle {}
info: Starting cycle {}
info: Starting cycle {}
info: Starting cycle {}
info: Starting cycle {}
info: Starting cycle {}
info: Starting cycle {}
info: Starting cycle {}
info: Starting cycle {}
info: Starting cycle {}
info: Starting cycle {}
info: Starting cycle {}
info: Starting cycle {}
info: Starting cycle {}
info: Starting cycle {}
info: Starting cycle {}
info: Starting cycle {}
info: Starting cycle {}
info: Starting cycle {}
info: Starting cycle {}
info: Starting cycle {}
info: Starting cycle {}
info: Starting cycle {}
info: Starting cycle {}
info: Starting cycle {}
info: Starting cycle {}
info: Starting cycle {}
info: Starting cycle {}
info: Starting cycle {}
info: Starting cycle {}
info: Starting cycle {}
info: Starting cycle {}
info: Starting cycle {}
info: Starting cycle {}
info: Starting cycle {}
info: Starting cycle {}
info: Starting cycle {}
info: Starting cycle {}
info: Starting cycle {}
info: Starting cycle {}
info: Starting cycle {}
info: Starting cycle {}
info: Starting cycle {}
info: Starting cycle {}
info: Starting cycle {}
info: Starting cycle {}
info: Starting cycle {}
info: Starting cycle {}
info: Starting cycle {}
info: Starting cycle {}
info: Starting cycle {}
info: Starting cycle {}
info: Starting cycle {}
info: Starting cycle {}
info: Starting cycle {}
info: Starting cycle {}
info: Starting cycle {}
info: Starting cycle {}
info: Starting cycle {}
info: Starting cycle {}
info: Starting cycle {}
info: Starting cycle {}
info: Starting cycle {}
info: Starting cycle {}
info: Starting cycle {}
info: Starting cycle {}
info: Starting cycle {}
info: Starting cycle {}
info: Starting cycle {}
info: Starting cycle {}
info: Starting cycle {}
info: Starting cycle {}
info: Starting cycle {}
info: Starting cycle {}
info: Starting cycle {}
info: Starting cycle {}
info: Starting cycle {}
info: Starting cycle {}
info: Starting cycle {}
info: Starting cycle {}
info: Starting cycle {}
info: Starting cycle {}
info: Starting cycle {}
info: Starting cycle {}
info: Starting cycle {}
info: Starting cycle {}
info: Starting cycle {}
info: Starting cycle {}
info: Starting cycle {}
info: Starting cycle {}
info: Starting cycle {}
info: Starting cycle {}
info: Starting cycle {}
info: Starting cycle {}
info: Starting cycle {}
info: Starting cycle {}
info: Starting cycle {}
info: Starting cycle {}
info: Starting cycle {}
info: Starting cycle {}
info: Starting cycle {}
info: Starting cycle {}
info: Starting cycle {}
info: Starting cycle {}
info: Starting cycle {}
info: Starting cycle {}
info: Starting cycle {}
info: Starting cycle {}
info: Starting cycle {}
info: Starting cycle {}
info: Starting cycle {}
info: Starting cycle {}
info: Starting cycle {}
info: Starting cycle {}
info: Starting cycle {}
info: Starting cycle {}
info: Starting cycle {}
info: Starting cycle {}
info: Starting cycle {}
info: Starting cycle {}
info: Starting cycle {}
info: Starting cycle {}
info: Starting cycle {}
info: Starting cycle {}
info: Starting cycle {}
info: Starting cycle {}
info: Starting cycle {}
info: Starting cycle {}
info: Starting cycle {}
info: Starting cycle {}
info: Starting cycle {}
info: Starting cycle {}
info: Starting cycle {}
info: Starting cycle {}
info: Starting cycle {}
info: Starting cycle {}
info: Starting cycle {}
info: Starting cycle {}
info: Starting cycle {}
info: Starting cycle {}
info: Starting cycle {}
info: Starting cycle {}
info: Starting cycle {}
info: Starting cycle {}
info: Starting cycle {}
info: Starting cycle {}
info: Starting cycle {}
info: Starting cycle {}
info: Starting cycle {}
info: Starting cycle {}
info: Starting cycle {}
info: Starting cycle {}
info: Starting cycle {}
info: Starting cycle {}
info: Starting cycle {}
info: Starting cycle {}
info: Starting cycle {}
info: Starting cycle {}
info: Starting cycle {}
info: Starting cycle {}
info: Starting cycle {}
info: Starting cycle {}
info: Starting cycle {}
info: Starting cycle {}
info: Starting cycle {}
info: Starting cycle {}
info: Starting cycle {}
info: Starting cycle {}
info: Starting cycle {}
info: Starting cycle {}
info: Starting cycle {}
info: Starting cycle {}
info: Starting cycle {}
info: Starting cycle {}
info: Starting cycle {}
info: Starting cycle {}
info: Starting cycle {}
info: Starting cycle {}
info: Starting cycle {}
info: Starting cycle {}
info: Starting cycle {}
info: Starting cycle {}
info: Starting cycle {}
info: Starting cycle {}
info: Starting cycle {}
info: Starting cycle {}
info: Starting cycle {}
info: Starting cycle {}
info: Starting cycle {}
info: Starting cycle {}
info: Starting cycle {}
info: Starting cycle {}
info: Starting cycle {}
info: Starting cycle {}
info: Starting cycle {}
info: Starting cycle {}
info: Starting cycle {}
info: Starting cycle {}
info: Starting cycle {}
info: Starting cycle {}
info: Starting cycle {}
info: Starting cycle {}
info: Starting cycle {}
info: Starting cycle {}
info: Starting cycle {}
info: Starting cycle {}
info: Starting cycle {}
info: Starting cycle {}
info: Starting cycle {}
info: Starting cycle {}
info: Starting cycle {}
info: Starting cycle {}
info: Starting cycle {}
info: Starting cycle {}
info: Starting cycle {}
info: Starting cycle {}
info: Starting cycle {}
info: Starting cycle {}
info: Starting cycle {}
info: Starting cycle {}
info: Starting cycle {}
info: Starting cycle {}
info: Starting cycle {}
info: Starting cycle {}
info: Starting cycle {}
info: Starting cycle {}
info: Starting cycle {}
info: Starting cycle {}
info: Starting cycle {}
info: Starting cycle {}
info: Starting cycle {}
info: Starting cycle {}
info: Starting cycle {}
info: Starting cycle {}
info: Starting cycle {}
info: Starting cycle {}
info: Starting cycle {}
info: Starting cycle {}
info: Starting cycle {}
info: Starting cycle {}
info: Starting cycle {}
info: Starting cycle {}
info: Starting cycle {}
info: Starting cycle {}
info: Starting cycle {}
info: Starting cycle {}
info: Starting cycle {}
info: Starting cycle {}
info: Starting cycle {}
info: Starting cycle {}
info: Starting cycle {}
info: Starting cycle {}
info: Starting cycle {}
info: Starting cycle {}
info: Starting cycle {}
info: Starting cycle {}
info: Starting cycle {}
info: Starting cycle {}
info: Starting cycle {}
info: Starting cycle {}
info: Starting cycle {}
info: Starting cycle {}
info: Starting cycle {}
info: Starting cycle {}
info: Starting cycle {}
info: Starting cycle {}
info: Starting cycle {}
info: Starting cycle {}
info: Starting cycle {}
info: Starting cycle {}
info: Starting cycle {}
info: Starting cycle {}
info: Starting cycle {}
info: Starting cycle {}
info: Starting cycle {}
info: Starting cycle {}
info: Starting cycle {}
info: Starting FaceIT scraper {}
info: Error creating data directory: ENOENT: no such file or directory, mkdir 'C:\tmp\faceit_scraper.\data' {}
info: Starting FaceIT scraper {}
info: Starting FaceIT scraper {}
info: Error creating data directory: EEXIST: file already exists, mkdir 'C:\tmp\faceit_scraper\data' {}
info: Starting cycle {}
info: Starting FaceIT scraper {}
info: Starting cycle {}
error: Error in cycle: i.execute is not a function {"stack":"TypeError: i.execute is not a function\n    at Promise.all._.map.i (C:\\tmp\\faceit_scraper\\index.js:51:42)\n    at C:\\tmp\\faceit_scraper\\node_modules\\lodash\\lodash.js:3555:27\n    at C:\\tmp\\faceit_scraper\\node_modules\\lodash\\lodash.js:4917:15\n    at baseForOwn (C:\\tmp\\faceit_scraper\\node_modules\\lodash\\lodash.js:3002:24)\n    at C:\\tmp\\faceit_scraper\\node_modules\\lodash\\lodash.js:4886:18\n    at baseMap (C:\\tmp\\faceit_scraper\\node_modules\\lodash\\lodash.js:3554:7)\n    at Function.map (C:\\tmp\\faceit_scraper\\node_modules\\lodash\\lodash.js:9546:14)\n    at Indexer.cycle (C:\\tmp\\faceit_scraper\\index.js:51:24)\n    at Indexer.start (C:\\tmp\\faceit_scraper\\index.js:45:8)\n    at <anonymous>"}
info: Starting FaceIT scraper {}
info: Starting cycle {}
error: Error in cycle: i.execute is not a function {"stack":"TypeError: i.execute is not a function\n    at Promise.all._.map.i (C:\\tmp\\faceit_scraper\\index.js:54:42)\n    at C:\\tmp\\faceit_scraper\\node_modules\\lodash\\lodash.js:3555:27\n    at C:\\tmp\\faceit_scraper\\node_modules\\lodash\\lodash.js:4917:15\n    at baseForOwn (C:\\tmp\\faceit_scraper\\node_modules\\lodash\\lodash.js:3002:24)\n    at C:\\tmp\\faceit_scraper\\node_modules\\lodash\\lodash.js:4886:18\n    at baseMap (C:\\tmp\\faceit_scraper\\node_modules\\lodash\\lodash.js:3554:7)\n    at Function.map (C:\\tmp\\faceit_scraper\\node_modules\\lodash\\lodash.js:9546:14)\n    at Indexer.cycle (C:\\tmp\\faceit_scraper\\index.js:54:24)\n    at Indexer.start (C:\\tmp\\faceit_scraper\\index.js:48:8)\n    at <anonymous>"}
info: Starting FaceIT scraper {}
info: Starting cycle {}
error: Error in cycle: i.execute is not a function {"stack":"TypeError: i.execute is not a function\n    at Promise.all._.map.i (C:\\tmp\\faceit_scraper\\index.js:53:42)\n    at C:\\tmp\\faceit_scraper\\node_modules\\lodash\\lodash.js:3555:27\n    at C:\\tmp\\faceit_scraper\\node_modules\\lodash\\lodash.js:4917:15\n    at baseForOwn (C:\\tmp\\faceit_scraper\\node_modules\\lodash\\lodash.js:3002:24)\n    at C:\\tmp\\faceit_scraper\\node_modules\\lodash\\lodash.js:4886:18\n    at baseMap (C:\\tmp\\faceit_scraper\\node_modules\\lodash\\lodash.js:3554:7)\n    at Function.map (C:\\tmp\\faceit_scraper\\node_modules\\lodash\\lodash.js:9546:14)\n    at Indexer.cycle (C:\\tmp\\faceit_scraper\\index.js:53:24)\n    at Indexer.start (C:\\tmp\\faceit_scraper\\index.js:47:8)\n    at <anonymous>"}
info: Starting FaceIT scraper {}
info: Starting cycle {}
info: Executing cycle for csgo {}
debug: Retrieving page 0 for csgo {}
info: Executing cycle for tf {}
debug: Retrieving page 0 for tf {}
error: Error in cycle: this.getOffset is not a function {"stack":"TypeError: this.getOffset is not a function\n    at IndexItem._retrievePage (C:\\tmp\\faceit_scraper\\index.js:111:97)\n    at IndexItem._getData (C:\\tmp\\faceit_scraper\\index.js:107:25)\n    at IndexItem.execute (C:\\tmp\\faceit_scraper\\index.js:85:29)\n    at Promise.all._.map.i (C:\\tmp\\faceit_scraper\\index.js:54:42)\n    at arrayMap (C:\\tmp\\faceit_scraper\\node_modules\\lodash\\lodash.js:631:23)\n    at Function.map (C:\\tmp\\faceit_scraper\\node_modules\\lodash\\lodash.js:9546:14)\n    at Indexer.cycle (C:\\tmp\\faceit_scraper\\index.js:54:24)\n    at Indexer.start (C:\\tmp\\faceit_scraper\\index.js:48:8)\n    at <anonymous>"}
info: Starting FaceIT scraper {}
info: Starting cycle {}
info: Executing cycle for csgo {}
debug: Retrieving page 0 for csgo {}
info: Executing cycle for tf {}
debug: Retrieving page 0 for tf {}
error: Error in cycle: undefined is not iterable {"stack":"TypeError: undefined is not iterable\n    at IndexItem.execute (C:\\tmp\\faceit_scraper\\index.js:86:9)\n    at <anonymous>"}
info: Starting FaceIT scraper {}
info: Starting cycle {}
info: Executing cycle for csgo {}
debug: Retrieving page 0 for csgo {}
info: Executing cycle for tf {}
debug: Retrieving page 0 for tf {}
error: Error in cycle: undefined is not iterable {"stack":"TypeError: undefined is not iterable\n    at IndexItem.execute (C:\\tmp\\faceit_scraper\\index.js:86:9)\n    at <anonymous>"}
info: Starting FaceIT scraper {}
info: Starting cycle {}
info: Executing cycle for csgo {}
debug: Retrieving page 0 for csgo {}
info: Executing cycle for tf {}
debug: Retrieving page 0 for tf {}
error: Error in cycle: undefined is not iterable {"stack":"TypeError: undefined is not iterable\n    at IndexItem.execute (C:\\tmp\\faceit_scraper\\index.js:90:10)\n    at <anonymous>"}
info: Starting FaceIT scraper {}
info: Starting cycle {}
info: Executing cycle for csgo {}
debug: Retrieving page 0 for csgo {}
info: Executing cycle for tf {}
debug: Retrieving page 0 for tf {}
debug: Retrieving page 1 for tf {}
info: Finished cycle for tf, took 728ms and retrieved 0 matches {}
debug: Retrieving page 1 for csgo {}
debug: Retrieving page 2 for csgo {}
info: Starting FaceIT scraper {}
info: Starting cycle {}
info: Executing cycle for csgo {}
debug: Retrieving page 0 for csgo {}
debug: URL: https://api.faceit.com/core/v1/matches?game=csgo&limit=100&offset=0&region=undefined&state=voting,configuring,ready,ongoing {}
info: Executing cycle for tf {}
debug: Retrieving page 0 for tf {}
debug: URL: https://api.faceit.com/core/v1/matches?game=csgo&limit=100&offset=0&region=undefined&state=voting,configuring,ready,ongoing {}
debug: Retrieving page 1 for tf {}
debug: URL: https://api.faceit.com/core/v1/matches?game=csgo&limit=100&offset=100&region=undefined&state=voting,configuring,ready,ongoing {}
debug: Retrieving page 1 for csgo {}
debug: URL: https://api.faceit.com/core/v1/matches?game=csgo&limit=100&offset=100&region=undefined&state=voting,configuring,ready,ongoing {}
debug: Retrieving page 2 for csgo {}
debug: URL: https://api.faceit.com/core/v1/matches?game=csgo&limit=100&offset=200&region=undefined&state=voting,configuring,ready,ongoing {}
info: Finished cycle for tf, took 717ms and retrieved 0 matches {}
info: Starting FaceIT scraper {}
info: Starting cycle {}
info: Executing cycle for csgo {}
debug: Retrieving page 0 for csgo {}
debug: URL: https://api.faceit.com/core/v1/matches?game=csgo&limit=100&offset=0&region=EU&state=voting,configuring,ready,ongoing {}
info: Executing cycle for tf {}
debug: Retrieving page 0 for tf {}
debug: URL: https://api.faceit.com/core/v1/matches?game=csgo&limit=100&offset=0&region=EU&state=voting,configuring,ready,ongoing {}
debug: Retrieving page 1 for csgo {}
debug: URL: https://api.faceit.com/core/v1/matches?game=csgo&limit=100&offset=100&region=EU&state=voting,configuring,ready,ongoing {}
info: Starting FaceIT scraper {}
info: Starting cycle {}
info: Executing cycle for csgo {}
debug: Retrieving page 0 for csgo {}
debug: URL: https://api.faceit.com/core/v1/matches?game=csgo&limit=100&offset=0&region=EU&state=voting,configuring,ready,ongoing {}
info: Executing cycle for tf {}
debug: Retrieving page 0 for tf {}
debug: URL: https://api.faceit.com/core/v1/matches?game=csgo&limit=100&offset=0&region=EU&state=voting,configuring,ready,ongoing {}
debug: Retrieving page 1 for tf {}
debug: URL: https://api.faceit.com/core/v1/matches?game=csgo&limit=100&offset=100&region=EU&state=voting,configuring,ready,ongoing {}
debug: Retrieving page 1 for csgo {}
debug: URL: https://api.faceit.com/core/v1/matches?game=csgo&limit=100&offset=100&region=EU&state=voting,configuring,ready,ongoing {}
debug: Retrieving page 2 for tf {}
debug: URL: https://api.faceit.com/core/v1/matches?game=csgo&limit=100&offset=200&region=EU&state=voting,configuring,ready,ongoing {}
debug: Retrieving page 2 for csgo {}
debug: URL: https://api.faceit.com/core/v1/matches?game=csgo&limit=100&offset=200&region=EU&state=voting,configuring,ready,ongoing {}
debug: Retrieving page 3 for csgo {}
debug: URL: https://api.faceit.com/core/v1/matches?game=csgo&limit=100&offset=300&region=EU&state=voting,configuring,ready,ongoing {}
debug: Retrieving page 3 for tf {}
debug: URL: https://api.faceit.com/core/v1/matches?game=csgo&limit=100&offset=300&region=EU&state=voting,configuring,ready,ongoing {}
debug: Retrieving page 4 for tf {}
debug: URL: https://api.faceit.com/core/v1/matches?game=csgo&limit=100&offset=400&region=EU&state=voting,configuring,ready,ongoing {}
debug: Retrieving page 4 for csgo {}
debug: URL: https://api.faceit.com/core/v1/matches?game=csgo&limit=100&offset=400&region=EU&state=voting,configuring,ready,ongoing {}
debug: Retrieving page 5 for csgo {}
debug: URL: https://api.faceit.com/core/v1/matches?game=csgo&limit=100&offset=500&region=EU&state=voting,configuring,ready,ongoing {}
debug: Retrieving page 5 for tf {}
debug: URL: https://api.faceit.com/core/v1/matches?game=csgo&limit=100&offset=500&region=EU&state=voting,configuring,ready,ongoing {}
debug: Retrieving page 6 for tf {}
debug: URL: https://api.faceit.com/core/v1/matches?game=csgo&limit=100&offset=600&region=EU&state=voting,configuring,ready,ongoing {}
debug: Retrieving page 6 for csgo {}
debug: URL: https://api.faceit.com/core/v1/matches?game=csgo&limit=100&offset=600&region=EU&state=voting,configuring,ready,ongoing {}
debug: Retrieving page 7 for tf {}
debug: URL: https://api.faceit.com/core/v1/matches?game=csgo&limit=100&offset=700&region=EU&state=voting,configuring,ready,ongoing {}
debug: Retrieving page 7 for csgo {}
debug: URL: https://api.faceit.com/core/v1/matches?game=csgo&limit=100&offset=700&region=EU&state=voting,configuring,ready,ongoing {}
debug: Retrieving page 8 for csgo {}
debug: URL: https://api.faceit.com/core/v1/matches?game=csgo&limit=100&offset=800&region=EU&state=voting,configuring,ready,ongoing {}
debug: Retrieving page 8 for tf {}
debug: URL: https://api.faceit.com/core/v1/matches?game=csgo&limit=100&offset=800&region=EU&state=voting,configuring,ready,ongoing {}
debug: Retrieving page 9 for tf {}
debug: URL: https://api.faceit.com/core/v1/matches?game=csgo&limit=100&offset=900&region=EU&state=voting,configuring,ready,ongoing {}
debug: Retrieving page 9 for csgo {}
debug: URL: https://api.faceit.com/core/v1/matches?game=csgo&limit=100&offset=900&region=EU&state=voting,configuring,ready,ongoing {}
debug: Retrieving page 10 for tf {}
debug: URL: https://api.faceit.com/core/v1/matches?game=csgo&limit=100&offset=1000&region=US&state=voting,configuring,ready,ongoing {}
debug: Retrieving page 10 for csgo {}
debug: URL: https://api.faceit.com/core/v1/matches?game=csgo&limit=100&offset=1000&region=US&state=voting,configuring,ready,ongoing {}
debug: Retrieving page 11 for csgo {}
debug: URL: https://api.faceit.com/core/v1/matches?game=csgo&limit=100&offset=1100&region=SEA&state=voting,configuring,ready,ongoing {}
info: Finished cycle for tf, took 16994ms and retrieved 860 matches {}
debug: Retrieving page 12 for csgo {}
debug: URL: https://api.faceit.com/core/v1/matches?game=csgo&limit=100&offset=1200&region=Oceania&state=voting,configuring,ready,ongoing {}
debug: Retrieving page 13 for csgo {}
debug: URL: https://api.faceit.com/core/v1/matches?game=csgo&limit=100&offset=1300&region=SA&state=voting,configuring,ready,ongoing {}
info: Finished cycle for csgo, took 20145ms and retrieved 860 matches {}
info: Cycle done {}
info: Starting FaceIT scraper {}
info: Starting cycle {}
info: Executing cycle for csgo {}
debug: Retrieving page 0 for csgo {}
debug: URL: https://api.faceit.com/core/v1/matches?game=csgo&limit=100&offset=0&region=EU&state=voting,configuring,ready,ongoing {}
info: Executing cycle for tf {}
debug: Retrieving page 0 for tf {}
debug: URL: https://api.faceit.com/core/v1/matches?game=tf&limit=100&offset=0&region=EU&state=voting,configuring,ready,ongoing {}
debug: Retrieving page 0 for tf {}
debug: URL: https://api.faceit.com/core/v1/matches?game=tf&limit=100&offset=0&region=US&state=voting,configuring,ready,ongoing {}
info: Finished cycle for tf, took 754ms and retrieved 0 matches {}
debug: Retrieving page 1 for csgo {}
debug: URL: https://api.faceit.com/core/v1/matches?game=csgo&limit=100&offset=100&region=EU&state=voting,configuring,ready,ongoing {}
debug: Retrieving page 2 for csgo {}
debug: URL: https://api.faceit.com/core/v1/matches?game=csgo&limit=100&offset=200&region=EU&state=voting,configuring,ready,ongoing {}
debug: Retrieving page 3 for csgo {}
debug: URL: https://api.faceit.com/core/v1/matches?game=csgo&limit=100&offset=300&region=EU&state=voting,configuring,ready,ongoing {}
debug: Retrieving page 4 for csgo {}
debug: URL: https://api.faceit.com/core/v1/matches?game=csgo&limit=100&offset=400&region=EU&state=voting,configuring,ready,ongoing {}
debug: Retrieving page 5 for csgo {}
debug: URL: https://api.faceit.com/core/v1/matches?game=csgo&limit=100&offset=500&region=EU&state=voting,configuring,ready,ongoing {}
debug: Retrieving page 6 for csgo {}
debug: URL: https://api.faceit.com/core/v1/matches?game=csgo&limit=100&offset=600&region=EU&state=voting,configuring,ready,ongoing {}
debug: Retrieving page 7 for csgo {}
debug: URL: https://api.faceit.com/core/v1/matches?game=csgo&limit=100&offset=700&region=EU&state=voting,configuring,ready,ongoing {}
debug: Retrieving page 8 for csgo {}
debug: URL: https://api.faceit.com/core/v1/matches?game=csgo&limit=100&offset=800&region=EU&state=voting,configuring,ready,ongoing {}
debug: Retrieving page 9 for csgo {}
debug: URL: https://api.faceit.com/core/v1/matches?game=csgo&limit=100&offset=900&region=EU&state=voting,configuring,ready,ongoing {}
debug: Retrieving page 0 for csgo {}
debug: URL: https://api.faceit.com/core/v1/matches?game=csgo&limit=100&offset=0&region=US&state=voting,configuring,ready,ongoing {}
debug: Retrieving page 1 for csgo {}
debug: URL: https://api.faceit.com/core/v1/matches?game=csgo&limit=100&offset=100&region=US&state=voting,configuring,ready,ongoing {}
debug: Retrieving page 0 for csgo {}
debug: URL: https://api.faceit.com/core/v1/matches?game=csgo&limit=100&offset=0&region=SEA&state=voting,configuring,ready,ongoing {}
debug: Retrieving page 1 for csgo {}
debug: URL: https://api.faceit.com/core/v1/matches?game=csgo&limit=100&offset=100&region=SEA&state=voting,configuring,ready,ongoing {}
debug: Retrieving page 0 for csgo {}
debug: URL: https://api.faceit.com/core/v1/matches?game=csgo&limit=100&offset=0&region=Oceania&state=voting,configuring,ready,ongoing {}
debug: Retrieving page 1 for csgo {}
debug: URL: https://api.faceit.com/core/v1/matches?game=csgo&limit=100&offset=100&region=Oceania&state=voting,configuring,ready,ongoing {}
debug: Retrieving page 0 for csgo {}
debug: URL: https://api.faceit.com/core/v1/matches?game=csgo&limit=100&offset=0&region=SA&state=voting,configuring,ready,ongoing {}
debug: Retrieving page 1 for csgo {}
debug: URL: https://api.faceit.com/core/v1/matches?game=csgo&limit=100&offset=100&region=SA&state=voting,configuring,ready,ongoing {}
info: Finished cycle for csgo, took 29333ms and retrieved 921 matches {}
info: Cycle done {}
info: Starting cycle {}
info: Executing cycle for csgo {}
debug: Retrieving page 0 for csgo {}
debug: URL: https://api.faceit.com/core/v1/matches?game=csgo&limit=100&offset=0&region=EU&state=voting,configuring,ready,ongoing {}
info: Executing cycle for tf {}
debug: Retrieving page 0 for tf {}
debug: URL: https://api.faceit.com/core/v1/matches?game=tf&limit=100&offset=0&region=EU&state=voting,configuring,ready,ongoing {}
debug: Retrieving page 0 for tf {}
debug: URL: https://api.faceit.com/core/v1/matches?game=tf&limit=100&offset=0&region=US&state=voting,configuring,ready,ongoing {}
info: Finished cycle for tf, took 684ms and retrieved 0 matches {}
debug: Retrieving page 1 for csgo {}
debug: URL: https://api.faceit.com/core/v1/matches?game=csgo&limit=100&offset=100&region=EU&state=voting,configuring,ready,ongoing {}
debug: Retrieving page 2 for csgo {}
debug: URL: https://api.faceit.com/core/v1/matches?game=csgo&limit=100&offset=200&region=EU&state=voting,configuring,ready,ongoing {}
debug: Retrieving page 3 for csgo {}
debug: URL: https://api.faceit.com/core/v1/matches?game=csgo&limit=100&offset=300&region=EU&state=voting,configuring,ready,ongoing {}
info: Starting FaceIT scraper {}
info: Starting cycle {}
info: Executing cycle for csgo {}
debug: Retrieving page 0 for csgo - EU {}
debug: URL: https://api.faceit.com/core/v1/matches?game=csgo&limit=100&offset=0&region=EU&state=voting,configuring,ready,ongoing {}
info: Executing cycle for tf2 {}
debug: Retrieving page 0 for tf2 - EU {}
debug: URL: https://api.faceit.com/core/v1/matches?game=tf2&limit=100&offset=0&region=EU&state=voting,configuring,ready,ongoing {}
debug: Retrieving page 1 for tf2 - EU {}
debug: URL: https://api.faceit.com/core/v1/matches?game=tf2&limit=100&offset=100&region=EU&state=voting,configuring,ready,ongoing {}
debug: Retrieving page 0 for tf2 - US {}
debug: URL: https://api.faceit.com/core/v1/matches?game=tf2&limit=100&offset=0&region=US&state=voting,configuring,ready,ongoing {}
info: Finished cycle for tf2, took 1040ms and retrieved 1 matches {}
debug: Retrieving page 1 for csgo - EU {}
debug: URL: https://api.faceit.com/core/v1/matches?game=csgo&limit=100&offset=100&region=EU&state=voting,configuring,ready,ongoing {}
debug: Retrieving page 2 for csgo - EU {}
debug: URL: https://api.faceit.com/core/v1/matches?game=csgo&limit=100&offset=200&region=EU&state=voting,configuring,ready,ongoing {}
debug: Retrieving page 3 for csgo - EU {}
debug: URL: https://api.faceit.com/core/v1/matches?game=csgo&limit=100&offset=300&region=EU&state=voting,configuring,ready,ongoing {}
debug: Retrieving page 4 for csgo - EU {}
debug: URL: https://api.faceit.com/core/v1/matches?game=csgo&limit=100&offset=400&region=EU&state=voting,configuring,ready,ongoing {}
debug: Retrieving page 5 for csgo - EU {}
debug: URL: https://api.faceit.com/core/v1/matches?game=csgo&limit=100&offset=500&region=EU&state=voting,configuring,ready,ongoing {}
debug: Retrieving page 6 for csgo - EU {}
debug: URL: https://api.faceit.com/core/v1/matches?game=csgo&limit=100&offset=600&region=EU&state=voting,configuring,ready,ongoing {}
debug: Retrieving page 7 for csgo - EU {}
debug: URL: https://api.faceit.com/core/v1/matches?game=csgo&limit=100&offset=700&region=EU&state=voting,configuring,ready,ongoing {}
debug: Retrieving page 8 for csgo - EU {}
debug: URL: https://api.faceit.com/core/v1/matches?game=csgo&limit=100&offset=800&region=EU&state=voting,configuring,ready,ongoing {}
debug: Retrieving page 9 for csgo - EU {}
debug: URL: https://api.faceit.com/core/v1/matches?game=csgo&limit=100&offset=900&region=EU&state=voting,configuring,ready,ongoing {}
debug: Retrieving page 0 for csgo - US {}
debug: URL: https://api.faceit.com/core/v1/matches?game=csgo&limit=100&offset=0&region=US&state=voting,configuring,ready,ongoing {}
debug: Retrieving page 1 for csgo - US {}
debug: URL: https://api.faceit.com/core/v1/matches?game=csgo&limit=100&offset=100&region=US&state=voting,configuring,ready,ongoing {}
debug: Retrieving page 0 for csgo - SEA {}
debug: URL: https://api.faceit.com/core/v1/matches?game=csgo&limit=100&offset=0&region=SEA&state=voting,configuring,ready,ongoing {}
debug: Retrieving page 1 for csgo - SEA {}
debug: URL: https://api.faceit.com/core/v1/matches?game=csgo&limit=100&offset=100&region=SEA&state=voting,configuring,ready,ongoing {}
debug: Retrieving page 0 for csgo - Oceania {}
debug: URL: https://api.faceit.com/core/v1/matches?game=csgo&limit=100&offset=0&region=Oceania&state=voting,configuring,ready,ongoing {}
debug: Retrieving page 1 for csgo - Oceania {}
debug: URL: https://api.faceit.com/core/v1/matches?game=csgo&limit=100&offset=100&region=Oceania&state=voting,configuring,ready,ongoing {}
debug: Retrieving page 0 for csgo - SA {}
debug: URL: https://api.faceit.com/core/v1/matches?game=csgo&limit=100&offset=0&region=SA&state=voting,configuring,ready,ongoing {}
debug: Retrieving page 1 for csgo - SA {}
debug: URL: https://api.faceit.com/core/v1/matches?game=csgo&limit=100&offset=100&region=SA&state=voting,configuring,ready,ongoing {}
info: Finished cycle for csgo, took 35144ms and retrieved 923 matches {}
info: Cycle done {}
info: Starting FaceIT scraper {}
info: Starting cycle {}
info: Executing cycle for csgo {}
debug: Retrieving page 0 for csgo - EU {}
debug: URL: https://api.faceit.com/core/v1/matches?game=csgo&limit=100&offset=0&region=EU&state=voting,configuring,ready,ongoing {}
info: Executing cycle for tf2 {}
debug: Retrieving page 0 for tf2 - EU {}
debug: URL: https://api.faceit.com/core/v1/matches?game=tf2&limit=100&offset=0&region=EU&state=voting,configuring,ready,ongoing {}
debug: tf2 - 0 - EU -> undefined {}
debug: Retrieving page 1 for tf2 - EU {}
debug: URL: https://api.faceit.com/core/v1/matches?game=tf2&limit=100&offset=100&region=EU&state=voting,configuring,ready,ongoing {}
debug: tf2 - 1 - EU -> undefined {}
debug: Retrieving page 2 for tf2 - EU {}
debug: URL: https://api.faceit.com/core/v1/matches?game=tf2&limit=100&offset=200&region=EU&state=voting,configuring,ready,ongoing {}
debug: tf2 - 2 - EU -> undefined {}
debug: Retrieving page 3 for tf2 - EU {}
debug: URL: https://api.faceit.com/core/v1/matches?game=tf2&limit=100&offset=300&region=EU&state=voting,configuring,ready,ongoing {}
debug: tf2 - 3 - EU -> undefined {}
debug: Retrieving page 4 for tf2 - EU {}
debug: URL: https://api.faceit.com/core/v1/matches?game=tf2&limit=100&offset=400&region=EU&state=voting,configuring,ready,ongoing {}
debug: tf2 - 4 - EU -> undefined {}
debug: Retrieving page 5 for tf2 - EU {}
debug: URL: https://api.faceit.com/core/v1/matches?game=tf2&limit=100&offset=500&region=EU&state=voting,configuring,ready,ongoing {}
debug: tf2 - 5 - EU -> undefined {}
debug: Retrieving page 6 for tf2 - EU {}
debug: URL: https://api.faceit.com/core/v1/matches?game=tf2&limit=100&offset=600&region=EU&state=voting,configuring,ready,ongoing {}
info: Starting FaceIT scraper {}
info: Starting cycle {}
info: Executing cycle for csgo {}
debug: Retrieving page 0 for csgo - EU {}
debug: URL: https://api.faceit.com/core/v1/matches?game=csgo&limit=100&offset=0&region=EU&state=voting,configuring,ready,ongoing {}
info: Executing cycle for tf2 {}
debug: Retrieving page 0 for tf2 - EU {}
debug: URL: https://api.faceit.com/core/v1/matches?game=tf2&limit=100&offset=0&region=EU&state=voting,configuring,ready,ongoing {}
debug: tf2 - 0 - EU -> 1 {}
debug: Retrieving page 1 for tf2 - EU {}
debug: URL: https://api.faceit.com/core/v1/matches?game=tf2&limit=100&offset=100&region=EU&state=voting,configuring,ready,ongoing {}
debug: tf2 - 1 - EU -> 0 {}
debug: Retrieving page 2 for tf2 - EU {}
debug: URL: https://api.faceit.com/core/v1/matches?game=tf2&limit=100&offset=200&region=EU&state=voting,configuring,ready,ongoing {}
debug: csgo - 0 - EU -> 100 {}
debug: Retrieving page 0 for csgo - US {}
debug: URL: https://api.faceit.com/core/v1/matches?game=csgo&limit=100&offset=0&region=US&state=voting,configuring,ready,ongoing {}
debug: tf2 - 2 - EU -> 0 {}
debug: Retrieving page 3 for tf2 - EU {}
debug: URL: https://api.faceit.com/core/v1/matches?game=tf2&limit=100&offset=300&region=EU&state=voting,configuring,ready,ongoing {}
debug: tf2 - 3 - EU -> 0 {}
debug: Retrieving page 4 for tf2 - EU {}
debug: URL: https://api.faceit.com/core/v1/matches?game=tf2&limit=100&offset=400&region=EU&state=voting,configuring,ready,ongoing {}
debug: csgo - 0 - US -> 1 {}
debug: Retrieving page 1 for csgo - US {}
debug: URL: https://api.faceit.com/core/v1/matches?game=csgo&limit=100&offset=100&region=US&state=voting,configuring,ready,ongoing {}
debug: tf2 - 4 - EU -> 0 {}
debug: Retrieving page 5 for tf2 - EU {}
debug: URL: https://api.faceit.com/core/v1/matches?game=tf2&limit=100&offset=500&region=EU&state=voting,configuring,ready,ongoing {}
debug: csgo - 1 - US -> 0 {}
debug: Retrieving page 2 for csgo - US {}
debug: URL: https://api.faceit.com/core/v1/matches?game=csgo&limit=100&offset=200&region=US&state=voting,configuring,ready,ongoing {}
debug: tf2 - 5 - EU -> 0 {}
debug: Retrieving page 6 for tf2 - EU {}
debug: URL: https://api.faceit.com/core/v1/matches?game=tf2&limit=100&offset=600&region=EU&state=voting,configuring,ready,ongoing {}
debug: csgo - 2 - US -> 0 {}
debug: Retrieving page 3 for csgo - US {}
debug: URL: https://api.faceit.com/core/v1/matches?game=csgo&limit=100&offset=300&region=US&state=voting,configuring,ready,ongoing {}
debug: tf2 - 6 - EU -> 0 {}
debug: Retrieving page 7 for tf2 - EU {}
debug: URL: https://api.faceit.com/core/v1/matches?game=tf2&limit=100&offset=700&region=EU&state=voting,configuring,ready,ongoing {}
debug: csgo - 3 - US -> 0 {}
debug: Retrieving page 4 for csgo - US {}
debug: URL: https://api.faceit.com/core/v1/matches?game=csgo&limit=100&offset=400&region=US&state=voting,configuring,ready,ongoing {}
debug: csgo - 4 - US -> 0 {}
debug: Retrieving page 5 for csgo - US {}
debug: URL: https://api.faceit.com/core/v1/matches?game=csgo&limit=100&offset=500&region=US&state=voting,configuring,ready,ongoing {}
debug: tf2 - 7 - EU -> 0 {}
debug: Retrieving page 8 for tf2 - EU {}
debug: URL: https://api.faceit.com/core/v1/matches?game=tf2&limit=100&offset=800&region=EU&state=voting,configuring,ready,ongoing {}
debug: csgo - 5 - US -> 0 {}
debug: Retrieving page 6 for csgo - US {}
debug: URL: https://api.faceit.com/core/v1/matches?game=csgo&limit=100&offset=600&region=US&state=voting,configuring,ready,ongoing {}
debug: tf2 - 8 - EU -> 0 {}
debug: Retrieving page 9 for tf2 - EU {}
debug: URL: https://api.faceit.com/core/v1/matches?game=tf2&limit=100&offset=900&region=EU&state=voting,configuring,ready,ongoing {}
debug: csgo - 6 - US -> 0 {}
debug: Retrieving page 7 for csgo - US {}
debug: URL: https://api.faceit.com/core/v1/matches?game=csgo&limit=100&offset=700&region=US&state=voting,configuring,ready,ongoing {}
debug: tf2 - 9 - EU -> 0 {}
debug: Retrieving page 10 for tf2 - EU {}
debug: URL: https://api.faceit.com/core/v1/matches?game=tf2&limit=100&offset=1000&region=EU&state=voting,configuring,ready,ongoing {}
debug: csgo - 7 - US -> 0 {}
debug: Retrieving page 8 for csgo - US {}
debug: URL: https://api.faceit.com/core/v1/matches?game=csgo&limit=100&offset=800&region=US&state=voting,configuring,ready,ongoing {}
debug: tf2 - 10 - EU -> 0 {}
debug: Retrieving page 11 for tf2 - EU {}
debug: URL: https://api.faceit.com/core/v1/matches?game=tf2&limit=100&offset=1100&region=EU&state=voting,configuring,ready,ongoing {}
debug: csgo - 8 - US -> 0 {}
debug: Retrieving page 9 for csgo - US {}
debug: URL: https://api.faceit.com/core/v1/matches?game=csgo&limit=100&offset=900&region=US&state=voting,configuring,ready,ongoing {}
debug: tf2 - 11 - EU -> 0 {}
debug: Retrieving page 12 for tf2 - EU {}
debug: URL: https://api.faceit.com/core/v1/matches?game=tf2&limit=100&offset=1200&region=EU&state=voting,configuring,ready,ongoing {}
debug: csgo - 9 - US -> 0 {}
debug: Retrieving page 10 for csgo - US {}
debug: URL: https://api.faceit.com/core/v1/matches?game=csgo&limit=100&offset=1000&region=US&state=voting,configuring,ready,ongoing {}
debug: tf2 - 12 - EU -> 0 {}
debug: Retrieving page 13 for tf2 - EU {}
debug: URL: https://api.faceit.com/core/v1/matches?game=tf2&limit=100&offset=1300&region=EU&state=voting,configuring,ready,ongoing {}
debug: csgo - 10 - US -> 0 {}
debug: Retrieving page 11 for csgo - US {}
debug: URL: https://api.faceit.com/core/v1/matches?game=csgo&limit=100&offset=1100&region=US&state=voting,configuring,ready,ongoing {}
debug: tf2 - 13 - EU -> 0 {}
debug: Retrieving page 14 for tf2 - EU {}
debug: URL: https://api.faceit.com/core/v1/matches?game=tf2&limit=100&offset=1400&region=EU&state=voting,configuring,ready,ongoing {}
debug: csgo - 11 - US -> 0 {}
debug: Retrieving page 12 for csgo - US {}
debug: URL: https://api.faceit.com/core/v1/matches?game=csgo&limit=100&offset=1200&region=US&state=voting,configuring,ready,ongoing {}
debug: tf2 - 14 - EU -> 0 {}
debug: Retrieving page 15 for tf2 - EU {}
debug: URL: https://api.faceit.com/core/v1/matches?game=tf2&limit=100&offset=1500&region=EU&state=voting,configuring,ready,ongoing {}
debug: csgo - 12 - US -> 0 {}
debug: Retrieving page 13 for csgo - US {}
debug: URL: https://api.faceit.com/core/v1/matches?game=csgo&limit=100&offset=1300&region=US&state=voting,configuring,ready,ongoing {}
debug: tf2 - 15 - EU -> 0 {}
debug: Retrieving page 16 for tf2 - EU {}
debug: URL: https://api.faceit.com/core/v1/matches?game=tf2&limit=100&offset=1600&region=EU&state=voting,configuring,ready,ongoing {}
debug: csgo - 13 - US -> 0 {}
debug: Retrieving page 14 for csgo - US {}
debug: URL: https://api.faceit.com/core/v1/matches?game=csgo&limit=100&offset=1400&region=US&state=voting,configuring,ready,ongoing {}
debug: tf2 - 16 - EU -> 0 {}
debug: Retrieving page 17 for tf2 - EU {}
debug: URL: https://api.faceit.com/core/v1/matches?game=tf2&limit=100&offset=1700&region=EU&state=voting,configuring,ready,ongoing {}
debug: csgo - 14 - US -> 0 {}
debug: Retrieving page 15 for csgo - US {}
debug: URL: https://api.faceit.com/core/v1/matches?game=csgo&limit=100&offset=1500&region=US&state=voting,configuring,ready,ongoing {}
debug: tf2 - 17 - EU -> 0 {}
debug: Retrieving page 18 for tf2 - EU {}
debug: URL: https://api.faceit.com/core/v1/matches?game=tf2&limit=100&offset=1800&region=EU&state=voting,configuring,ready,ongoing {}
debug: csgo - 15 - US -> 0 {}
debug: Retrieving page 16 for csgo - US {}
debug: URL: https://api.faceit.com/core/v1/matches?game=csgo&limit=100&offset=1600&region=US&state=voting,configuring,ready,ongoing {}
debug: tf2 - 18 - EU -> 0 {}
debug: Retrieving page 19 for tf2 - EU {}
debug: URL: https://api.faceit.com/core/v1/matches?game=tf2&limit=100&offset=1900&region=EU&state=voting,configuring,ready,ongoing {}
debug: csgo - 16 - US -> 0 {}
debug: Retrieving page 17 for csgo - US {}
debug: URL: https://api.faceit.com/core/v1/matches?game=csgo&limit=100&offset=1700&region=US&state=voting,configuring,ready,ongoing {}
info: Starting FaceIT scraper {}
info: Starting cycle {}
info: Executing cycle for csgo {}
debug: Retrieving page 0 for csgo - EU {}
debug: URL: https://api.faceit.com/core/v1/matches?game=csgo&limit=100&offset=0&region=EU&state=voting,configuring,ready,ongoing {}
info: Executing cycle for tf2 {}
debug: Retrieving page 0 for tf2 - EU {}
debug: URL: https://api.faceit.com/core/v1/matches?game=tf2&limit=100&offset=0&region=EU&state=voting,configuring,ready,ongoing {}
debug: tf2 - 0 - EU -> 1 {}
debug: Retrieving page 1 for tf2 - EU {}
debug: URL: https://api.faceit.com/core/v1/matches?game=tf2&limit=100&offset=100&region=EU&state=voting,configuring,ready,ongoing {}
debug: tf2 - 1 - EU -> 0 {}
debug: Retrieving page 2 for tf2 - EU {}
debug: URL: https://api.faceit.com/core/v1/matches?game=tf2&limit=100&offset=200&region=EU&state=voting,configuring,ready,ongoing {}
debug: tf2 - 2 - EU -> 0 {}
debug: Retrieving page 3 for tf2 - EU {}
debug: URL: https://api.faceit.com/core/v1/matches?game=tf2&limit=100&offset=300&region=EU&state=voting,configuring,ready,ongoing {}
debug: csgo - 0 - EU -> 100 {}
debug: Retrieving page 0 for csgo - US {}
debug: URL: https://api.faceit.com/core/v1/matches?game=csgo&limit=100&offset=0&region=US&state=voting,configuring,ready,ongoing {}
info: Starting FaceIT scraper {}
info: Starting cycle {}
info: Executing cycle for csgo {}
debug: Retrieving page 0 for csgo - EU {}
debug: URL: https://api.faceit.com/core/v1/matches?game=csgo&limit=100&offset=0&region=EU&state=voting,configuring,ready,ongoing {}
info: Executing cycle for tf2 {}
debug: Retrieving page 0 for tf2 - EU {}
debug: URL: https://api.faceit.com/core/v1/matches?game=tf2&limit=100&offset=0&region=EU&state=voting,configuring,ready,ongoing {}
debug: tf2 - 0 - EU -> 1 {}
debug: Retrieving page 1 for tf2 - EU {}
debug: URL: https://api.faceit.com/core/v1/matches?game=tf2&limit=100&offset=100&region=EU&state=voting,configuring,ready,ongoing {}
debug: tf2 - 1 - EU -> 0 {}
debug: Retrieving page 2 for tf2 - EU {}
debug: URL: https://api.faceit.com/core/v1/matches?game=tf2&limit=100&offset=200&region=EU&state=voting,configuring,ready,ongoing {}
info: Starting FaceIT scraper {}
info: Starting cycle {}
info: Executing cycle for csgo {}
debug: Retrieving page 0 for csgo - EU {}
debug: URL: https://api.faceit.com/core/v1/matches?game=csgo&limit=100&offset=0&region=EU&state=voting,configuring,ready,ongoing {}
info: Executing cycle for tf2 {}
debug: Retrieving page 0 for tf2 - EU {}
debug: URL: https://api.faceit.com/core/v1/matches?game=tf2&limit=100&offset=0&region=EU&state=voting,configuring,ready,ongoing {}
debug: tf2 - 0 - EU -> 1 {}
debug: Retrieving page 1 for tf2 - EU {}
debug: URL: https://api.faceit.com/core/v1/matches?game=tf2&limit=100&offset=100&region=EU&state=voting,configuring,ready,ongoing {}
debug: tf2 - 1 - EU -> 0 {}
debug: Retrieving page 2 for tf2 - EU {}
debug: URL: https://api.faceit.com/core/v1/matches?game=tf2&limit=100&offset=200&region=EU&state=voting,configuring,ready,ongoing {}
debug: tf2 - 2 - EU -> 0 {}
debug: Retrieving page 3 for tf2 - EU {}
debug: URL: https://api.faceit.com/core/v1/matches?game=tf2&limit=100&offset=300&region=EU&state=voting,configuring,ready,ongoing {}
debug: tf2 - 3 - EU -> 0 {}
debug: Retrieving page 4 for tf2 - EU {}
debug: URL: https://api.faceit.com/core/v1/matches?game=tf2&limit=100&offset=400&region=EU&state=voting,configuring,ready,ongoing {}
debug: tf2 - 4 - EU -> 0 {}
debug: Retrieving page 5 for tf2 - EU {}
debug: URL: https://api.faceit.com/core/v1/matches?game=tf2&limit=100&offset=500&region=EU&state=voting,configuring,ready,ongoing {}
{"message":"Starting FaceIT scraper","level":"info"}
{"message":"Starting cycle","level":"info"}
{"message":"Executing cycle for csgo","level":"info"}
{"message":"Retrieving page 0 for csgo - EU","level":"debug"}
{"message":"URL: https://api.faceit.com/core/v1/matches?game=csgo&limit=100&offset=0&region=EU&state=voting,configuring,ready,ongoing","level":"debug"}
{"message":"Executing cycle for tf2","level":"info"}
{"message":"Retrieving page 0 for tf2 - EU","level":"debug"}
{"message":"URL: https://api.faceit.com/core/v1/matches?game=tf2&limit=100&offset=0&region=EU&state=voting,configuring,ready,ongoing","level":"debug"}
{"message":"tf2 - 0 - EU -> 1","level":"debug"}
{"message":"Retrieving page 1 for tf2 - EU","level":"debug"}
{"message":"URL: https://api.faceit.com/core/v1/matches?game=tf2&limit=100&offset=100&region=EU&state=voting,configuring,ready,ongoing","level":"debug"}
{"message":"tf2 - 1 - EU -> 0","level":"debug"}
{"message":"Retrieving page 2 for tf2 - EU","level":"debug"}
{"message":"URL: https://api.faceit.com/core/v1/matches?game=tf2&limit=100&offset=200&region=EU&state=voting,configuring,ready,ongoing","level":"debug"}
{"message":"tf2 - 2 - EU -> 0","level":"debug"}
{"message":"Retrieving page 3 for tf2 - EU","level":"debug"}
{"message":"URL: https://api.faceit.com/core/v1/matches?game=tf2&limit=100&offset=300&region=EU&state=voting,configuring,ready,ongoing","level":"debug"}
{"message":"Starting FaceIT scraper","level":"info"}
{"message":"Starting cycle","level":"info"}
{"message":"Executing cycle for csgo","level":"info"}
{"message":"Retrieving page 0 for csgo - EU","level":"debug"}
{"message":"URL: https://api.faceit.com/core/v1/matches?game=csgo&limit=100&offset=0&region=EU&state=voting,configuring,ready,ongoing","level":"debug"}
{"message":"Executing cycle for tf2","level":"info"}
{"message":"Retrieving page 0 for tf2 - EU","level":"debug"}
{"message":"URL: https://api.faceit.com/core/v1/matches?game=tf2&limit=100&offset=0&region=EU&state=voting,configuring,ready,ongoing","level":"debug"}
{"message":"tf2 - 0 - EU -> 1","level":"debug"}
{"message":"Retrieving page 1 for tf2 - EU","level":"debug"}
{"message":"URL: https://api.faceit.com/core/v1/matches?game=tf2&limit=100&offset=100&region=EU&state=voting,configuring,ready,ongoing","level":"debug"}
{"message":"tf2 - 1 - EU -> 0","level":"debug"}
{"message":"Retrieving page 2 for tf2 - EU","level":"debug"}
{"message":"URL: https://api.faceit.com/core/v1/matches?game=tf2&limit=100&offset=200&region=EU&state=voting,configuring,ready,ongoing","level":"debug"}
{"message":"tf2 - 2 - EU -> 0","level":"debug"}
{"message":"Retrieving page 3 for tf2 - EU","level":"debug"}
{"message":"URL: https://api.faceit.com/core/v1/matches?game=tf2&limit=100&offset=300&region=EU&state=voting,configuring,ready,ongoing","level":"debug"}
{"message":"Starting FaceIT scraper","level":"info"}
{"message":"Starting cycle","level":"info"}
{"message":"Executing cycle for csgo","level":"info"}
{"message":"Retrieving page 0 for csgo - EU","level":"info"}
{"message":"URL: https://api.faceit.com/core/v1/matches?game=csgo&limit=100&offset=0&region=EU&state=voting,configuring,ready,ongoing","level":"debug"}
{"message":"Executing cycle for tf2","level":"info"}
{"message":"Retrieving page 0 for tf2 - EU","level":"info"}
{"message":"URL: https://api.faceit.com/core/v1/matches?game=tf2&limit=100&offset=0&region=EU&state=voting,configuring,ready,ongoing","level":"debug"}
{"message":"tf2 - 0 - EU -> 0","level":"debug"}
{"message":"Retrieving page 1 for tf2 - EU","level":"info"}
{"message":"URL: https://api.faceit.com/core/v1/matches?game=tf2&limit=100&offset=100&region=EU&state=voting,configuring,ready,ongoing","level":"debug"}
{"message":"tf2 - 1 - EU -> 0","level":"debug"}
{"message":"Retrieving page 2 for tf2 - EU","level":"info"}
{"message":"URL: https://api.faceit.com/core/v1/matches?game=tf2&limit=100&offset=200&region=EU&state=voting,configuring,ready,ongoing","level":"debug"}
{"message":"tf2 - 2 - EU -> 0","level":"debug"}
{"message":"Retrieving page 3 for tf2 - EU","level":"info"}
{"message":"URL: https://api.faceit.com/core/v1/matches?game=tf2&limit=100&offset=300&region=EU&state=voting,configuring,ready,ongoing","level":"debug"}
{"message":"tf2 - 3 - EU -> 0","level":"debug"}
{"message":"Retrieving page 4 for tf2 - EU","level":"info"}
{"message":"URL: https://api.faceit.com/core/v1/matches?game=tf2&limit=100&offset=400&region=EU&state=voting,configuring,ready,ongoing","level":"debug"}
{"message":"csgo - 0 - EU -> 100","level":"debug"}
{"message":"Retrieving page 0 for csgo - US","level":"info"}
{"message":"URL: https://api.faceit.com/core/v1/matches?game=csgo&limit=100&offset=0&region=US&state=voting,configuring,ready,ongoing","level":"debug"}
{"message":"tf2 - 4 - EU -> 0","level":"debug"}
{"message":"Retrieving page 5 for tf2 - EU","level":"info"}
{"message":"URL: https://api.faceit.com/core/v1/matches?game=tf2&limit=100&offset=500&region=EU&state=voting,configuring,ready,ongoing","level":"debug"}
{"message":"csgo - 0 - US -> 2","level":"debug"}
{"message":"Retrieving page 1 for csgo - US","level":"info"}
{"message":"URL: https://api.faceit.com/core/v1/matches?game=csgo&limit=100&offset=100&region=US&state=voting,configuring,ready,ongoing","level":"debug"}
{"message":"tf2 - 5 - EU -> 0","level":"debug"}
{"message":"Retrieving page 6 for tf2 - EU","level":"info"}
{"message":"URL: https://api.faceit.com/core/v1/matches?game=tf2&limit=100&offset=600&region=EU&state=voting,configuring,ready,ongoing","level":"debug"}
{"message":"csgo - 1 - US -> 0","level":"debug"}
{"message":"Retrieving page 2 for csgo - US","level":"info"}
{"message":"URL: https://api.faceit.com/core/v1/matches?game=csgo&limit=100&offset=200&region=US&state=voting,configuring,ready,ongoing","level":"debug"}
{"message":"tf2 - 6 - EU -> 0","level":"debug"}
{"message":"Retrieving page 7 for tf2 - EU","level":"info"}
{"message":"URL: https://api.faceit.com/core/v1/matches?game=tf2&limit=100&offset=700&region=EU&state=voting,configuring,ready,ongoing","level":"debug"}
{"message":"csgo - 2 - US -> 0","level":"debug"}
{"message":"Retrieving page 3 for csgo - US","level":"info"}
{"message":"URL: https://api.faceit.com/core/v1/matches?game=csgo&limit=100&offset=300&region=US&state=voting,configuring,ready,ongoing","level":"debug"}
{"message":"tf2 - 7 - EU -> 0","level":"debug"}
{"message":"Retrieving page 8 for tf2 - EU","level":"info"}
{"message":"URL: https://api.faceit.com/core/v1/matches?game=tf2&limit=100&offset=800&region=EU&state=voting,configuring,ready,ongoing","level":"debug"}
{"message":"csgo - 3 - US -> 0","level":"debug"}
{"message":"Retrieving page 4 for csgo - US","level":"info"}
{"message":"URL: https://api.faceit.com/core/v1/matches?game=csgo&limit=100&offset=400&region=US&state=voting,configuring,ready,ongoing","level":"debug"}
{"message":"csgo - 4 - US -> 0","level":"debug"}
{"message":"Retrieving page 5 for csgo - US","level":"info"}
{"message":"URL: https://api.faceit.com/core/v1/matches?game=csgo&limit=100&offset=500&region=US&state=voting,configuring,ready,ongoing","level":"debug"}
{"message":"tf2 - 8 - EU -> 0","level":"debug"}
{"message":"Retrieving page 9 for tf2 - EU","level":"info"}
{"message":"URL: https://api.faceit.com/core/v1/matches?game=tf2&limit=100&offset=900&region=EU&state=voting,configuring,ready,ongoing","level":"debug"}
{"message":"csgo - 5 - US -> 0","level":"debug"}
{"message":"Retrieving page 6 for csgo - US","level":"info"}
{"message":"URL: https://api.faceit.com/core/v1/matches?game=csgo&limit=100&offset=600&region=US&state=voting,configuring,ready,ongoing","level":"debug"}
{"message":"tf2 - 9 - EU -> 0","level":"debug"}
{"message":"Retrieving page 10 for tf2 - EU","level":"info"}
{"message":"URL: https://api.faceit.com/core/v1/matches?game=tf2&limit=100&offset=1000&region=EU&state=voting,configuring,ready,ongoing","level":"debug"}
{"message":"csgo - 6 - US -> 0","level":"debug"}
{"message":"Retrieving page 7 for csgo - US","level":"info"}
{"message":"URL: https://api.faceit.com/core/v1/matches?game=csgo&limit=100&offset=700&region=US&state=voting,configuring,ready,ongoing","level":"debug"}
{"message":"tf2 - 10 - EU -> 0","level":"debug"}
{"message":"Retrieving page 11 for tf2 - EU","level":"info"}
{"message":"URL: https://api.faceit.com/core/v1/matches?game=tf2&limit=100&offset=1100&region=EU&state=voting,configuring,ready,ongoing","level":"debug"}
{"message":"csgo - 7 - US -> 0","level":"debug"}
{"message":"Retrieving page 8 for csgo - US","level":"info"}
{"message":"URL: https://api.faceit.com/core/v1/matches?game=csgo&limit=100&offset=800&region=US&state=voting,configuring,ready,ongoing","level":"debug"}
{"message":"tf2 - 11 - EU -> 0","level":"debug"}
{"message":"Retrieving page 12 for tf2 - EU","level":"info"}
{"message":"URL: https://api.faceit.com/core/v1/matches?game=tf2&limit=100&offset=1200&region=EU&state=voting,configuring,ready,ongoing","level":"debug"}
{"message":"csgo - 8 - US -> 0","level":"debug"}
{"message":"Retrieving page 9 for csgo - US","level":"info"}
{"message":"URL: https://api.faceit.com/core/v1/matches?game=csgo&limit=100&offset=900&region=US&state=voting,configuring,ready,ongoing","level":"debug"}
{"message":"tf2 - 12 - EU -> 0","level":"debug"}
{"message":"Retrieving page 13 for tf2 - EU","level":"info"}
{"message":"URL: https://api.faceit.com/core/v1/matches?game=tf2&limit=100&offset=1300&region=EU&state=voting,configuring,ready,ongoing","level":"debug"}
{"message":"csgo - 9 - US -> 0","level":"debug"}
{"message":"Retrieving page 10 for csgo - US","level":"info"}
{"message":"URL: https://api.faceit.com/core/v1/matches?game=csgo&limit=100&offset=1000&region=US&state=voting,configuring,ready,ongoing","level":"debug"}
{"message":"tf2 - 13 - EU -> 0","level":"debug"}
{"message":"Retrieving page 14 for tf2 - EU","level":"info"}
{"message":"URL: https://api.faceit.com/core/v1/matches?game=tf2&limit=100&offset=1400&region=EU&state=voting,configuring,ready,ongoing","level":"debug"}
{"message":"csgo - 10 - US -> 0","level":"debug"}
{"message":"Retrieving page 11 for csgo - US","level":"info"}
{"message":"URL: https://api.faceit.com/core/v1/matches?game=csgo&limit=100&offset=1100&region=US&state=voting,configuring,ready,ongoing","level":"debug"}
{"message":"tf2 - 14 - EU -> 0","level":"debug"}
{"message":"Retrieving page 15 for tf2 - EU","level":"info"}
{"message":"URL: https://api.faceit.com/core/v1/matches?game=tf2&limit=100&offset=1500&region=EU&state=voting,configuring,ready,ongoing","level":"debug"}
{"message":"csgo - 11 - US -> 0","level":"debug"}
{"message":"Retrieving page 12 for csgo - US","level":"info"}
{"message":"URL: https://api.faceit.com/core/v1/matches?game=csgo&limit=100&offset=1200&region=US&state=voting,configuring,ready,ongoing","level":"debug"}
{"message":"tf2 - 15 - EU -> 0","level":"debug"}
{"message":"Retrieving page 16 for tf2 - EU","level":"info"}
{"message":"URL: https://api.faceit.com/core/v1/matches?game=tf2&limit=100&offset=1600&region=EU&state=voting,configuring,ready,ongoing","level":"debug"}
{"message":"csgo - 12 - US -> 0","level":"debug"}
{"message":"Retrieving page 13 for csgo - US","level":"info"}
{"message":"URL: https://api.faceit.com/core/v1/matches?game=csgo&limit=100&offset=1300&region=US&state=voting,configuring,ready,ongoing","level":"debug"}
{"message":"tf2 - 16 - EU -> 0","level":"debug"}
{"message":"Retrieving page 17 for tf2 - EU","level":"info"}
{"message":"URL: https://api.faceit.com/core/v1/matches?game=tf2&limit=100&offset=1700&region=EU&state=voting,configuring,ready,ongoing","level":"debug"}
{"message":"csgo - 13 - US -> 0","level":"debug"}
{"message":"Retrieving page 14 for csgo - US","level":"info"}
{"message":"URL: https://api.faceit.com/core/v1/matches?game=csgo&limit=100&offset=1400&region=US&state=voting,configuring,ready,ongoing","level":"debug"}
{"message":"tf2 - 17 - EU -> 0","level":"debug"}
{"message":"Retrieving page 18 for tf2 - EU","level":"info"}
{"message":"URL: https://api.faceit.com/core/v1/matches?game=tf2&limit=100&offset=1800&region=EU&state=voting,configuring,ready,ongoing","level":"debug"}
{"message":"Starting FaceIT scraper","level":"info"}
{"message":"Starting cycle","level":"info"}
{"message":"Executing cycle for csgo","level":"info"}
{"message":"Retrieving page 0 for csgo - EU","level":"info"}
{"message":"URL: https://api.faceit.com/core/v1/matches?game=csgo&limit=100&offset=0&region=EU&state=voting,configuring,ready,ongoing","level":"debug"}
{"message":"Executing cycle for tf2","level":"info"}
{"message":"Retrieving page 0 for tf2 - EU","level":"info"}
{"message":"URL: https://api.faceit.com/core/v1/matches?game=tf2&limit=100&offset=0&region=EU&state=voting,configuring,ready,ongoing","level":"debug"}
{"message":"tf2 - 0 - EU -> 0","level":"debug"}
{"message":"Retrieving page 0 for tf2 - US","level":"info"}
{"message":"URL: https://api.faceit.com/core/v1/matches?game=tf2&limit=100&offset=0&region=US&state=voting,configuring,ready,ongoing","level":"debug"}
{"message":"tf2 - 0 - US -> 0","level":"debug"}
{"message":"Finished cycle for tf2, took 690ms and retrieved 0 matches","level":"info"}
{"message":"csgo - 0 - EU -> 100","level":"debug"}
{"message":"Retrieving page 1 for csgo - EU","level":"info"}
{"message":"URL: https://api.faceit.com/core/v1/matches?game=csgo&limit=100&offset=100&region=EU&state=voting,configuring,ready,ongoing","level":"debug"}
{"message":"csgo - 1 - EU -> 100","level":"debug"}
{"message":"Retrieving page 2 for csgo - EU","level":"info"}
{"message":"URL: https://api.faceit.com/core/v1/matches?game=csgo&limit=100&offset=200&region=EU&state=voting,configuring,ready,ongoing","level":"debug"}
{"message":"csgo - 2 - EU -> 100","level":"debug"}
{"message":"Retrieving page 3 for csgo - EU","level":"info"}
{"message":"URL: https://api.faceit.com/core/v1/matches?game=csgo&limit=100&offset=300&region=EU&state=voting,configuring,ready,ongoing","level":"debug"}
{"message":"csgo - 3 - EU -> 100","level":"debug"}
{"message":"Retrieving page 4 for csgo - EU","level":"info"}
{"message":"URL: https://api.faceit.com/core/v1/matches?game=csgo&limit=100&offset=400&region=EU&state=voting,configuring,ready,ongoing","level":"debug"}
{"stack":"TypeError: Cannot read property 'length' of undefined\n    at IndexItem._getData (C:\\tmp\\faceit_scraper\\index.js:111:75)\n    at <anonymous>","level":"error","message":"Error in cycle: Cannot read property 'length' of undefined"}
{"message":"Starting FaceIT scraper","level":"info"}
{"message":"Starting cycle","level":"info"}
{"message":"Executing cycle for csgo","level":"info"}
{"message":"Retrieving page 0 for csgo - EU","level":"info"}
{"message":"URL: https://api.faceit.com/core/v1/matches?game=csgo&limit=100&offset=0&region=EU&state=voting,configuring,ready,ongoing","level":"debug"}
{"message":"Executing cycle for tf2","level":"info"}
{"message":"Retrieving page 0 for tf2 - EU","level":"info"}
{"message":"URL: https://api.faceit.com/core/v1/matches?game=tf2&limit=100&offset=0&region=EU&state=voting,configuring,ready,ongoing","level":"debug"}
{"message":"tf2 - 0 - EU -> 0","level":"debug"}
{"message":"Retrieving page 0 for tf2 - US","level":"info"}
{"message":"URL: https://api.faceit.com/core/v1/matches?game=tf2&limit=100&offset=0&region=US&state=voting,configuring,ready,ongoing","level":"debug"}
{"message":"tf2 - 0 - US -> 0","level":"debug"}
{"message":"Finished cycle for tf2, took 728ms and retrieved 0 matches","level":"info"}
{"message":"csgo - 0 - EU -> 100","level":"debug"}
{"message":"Retrieving page 1 for csgo - EU","level":"info"}
{"message":"URL: https://api.faceit.com/core/v1/matches?game=csgo&limit=100&offset=100&region=EU&state=voting,configuring,ready,ongoing","level":"debug"}
{"message":"csgo - 1 - EU -> 100","level":"debug"}
{"message":"Retrieving page 2 for csgo - EU","level":"info"}
{"message":"URL: https://api.faceit.com/core/v1/matches?game=csgo&limit=100&offset=200&region=EU&state=voting,configuring,ready,ongoing","level":"debug"}
{"message":"csgo - 2 - EU -> 100","level":"debug"}
{"message":"Retrieving page 3 for csgo - EU","level":"info"}
{"message":"URL: https://api.faceit.com/core/v1/matches?game=csgo&limit=100&offset=300&region=EU&state=voting,configuring,ready,ongoing","level":"debug"}
{"message":"csgo - 3 - EU -> 100","level":"debug"}
{"message":"Retrieving page 4 for csgo - EU","level":"info"}
{"message":"URL: https://api.faceit.com/core/v1/matches?game=csgo&limit=100&offset=400&region=EU&state=voting,configuring,ready,ongoing","level":"debug"}
{"message":"csgo - 4 - EU -> 100","level":"debug"}
{"message":"Retrieving page 5 for csgo - EU","level":"info"}
{"message":"URL: https://api.faceit.com/core/v1/matches?game=csgo&limit=100&offset=500&region=EU&state=voting,configuring,ready,ongoing","level":"debug"}
{"message":"csgo - 5 - EU -> 100","level":"debug"}
{"message":"Retrieving page 6 for csgo - EU","level":"info"}
{"message":"URL: https://api.faceit.com/core/v1/matches?game=csgo&limit=100&offset=600&region=EU&state=voting,configuring,ready,ongoing","level":"debug"}
{"message":"csgo - 6 - EU -> 100","level":"debug"}
{"message":"Retrieving page 7 for csgo - EU","level":"info"}
{"message":"URL: https://api.faceit.com/core/v1/matches?game=csgo&limit=100&offset=700&region=EU&state=voting,configuring,ready,ongoing","level":"debug"}
{"message":"csgo - 7 - EU -> 100","level":"debug"}
{"message":"Retrieving page 8 for csgo - EU","level":"info"}
{"message":"URL: https://api.faceit.com/core/v1/matches?game=csgo&limit=100&offset=800&region=EU&state=voting,configuring,ready,ongoing","level":"debug"}
{"message":"csgo - 8 - EU -> 100","level":"debug"}
{"message":"Retrieving page 9 for csgo - EU","level":"info"}
{"message":"URL: https://api.faceit.com/core/v1/matches?game=csgo&limit=100&offset=900&region=EU&state=voting,configuring,ready,ongoing","level":"debug"}
{"message":"csgo - 9 - EU -> 21","level":"debug"}
{"message":"Retrieving page 10 for csgo - EU","level":"info"}
{"message":"URL: https://api.faceit.com/core/v1/matches?game=csgo&limit=100&offset=1000&region=EU&state=voting,configuring,ready,ongoing","level":"debug"}
{"message":"csgo - 10 - EU -> 0","level":"debug"}
{"message":"Retrieving page 0 for csgo - US","level":"info"}
{"message":"URL: https://api.faceit.com/core/v1/matches?game=csgo&limit=100&offset=0&region=US&state=voting,configuring,ready,ongoing","level":"debug"}
{"message":"csgo - 0 - US -> 2","level":"debug"}
{"message":"Retrieving page 1 for csgo - US","level":"info"}
{"message":"URL: https://api.faceit.com/core/v1/matches?game=csgo&limit=100&offset=100&region=US&state=voting,configuring,ready,ongoing","level":"debug"}
{"message":"csgo - 1 - US -> 0","level":"debug"}
{"message":"Retrieving page 0 for csgo - SEA","level":"info"}
{"message":"URL: https://api.faceit.com/core/v1/matches?game=csgo&limit=100&offset=0&region=SEA&state=voting,configuring,ready,ongoing","level":"debug"}
{"message":"csgo - 0 - SEA -> 62","level":"debug"}
{"message":"Retrieving page 1 for csgo - SEA","level":"info"}
{"message":"URL: https://api.faceit.com/core/v1/matches?game=csgo&limit=100&offset=100&region=SEA&state=voting,configuring,ready,ongoing","level":"debug"}
{"message":"csgo - 1 - SEA -> 0","level":"debug"}
{"message":"Retrieving page 0 for csgo - Oceania","level":"info"}
{"message":"URL: https://api.faceit.com/core/v1/matches?game=csgo&limit=100&offset=0&region=Oceania&state=voting,configuring,ready,ongoing","level":"debug"}
{"message":"csgo - 0 - Oceania -> 4","level":"debug"}
{"message":"Retrieving page 1 for csgo - Oceania","level":"info"}
{"message":"URL: https://api.faceit.com/core/v1/matches?game=csgo&limit=100&offset=100&region=Oceania&state=voting,configuring,ready,ongoing","level":"debug"}
{"message":"csgo - 1 - Oceania -> 0","level":"debug"}
{"message":"Retrieving page 0 for csgo - SA","level":"info"}
{"message":"URL: https://api.faceit.com/core/v1/matches?game=csgo&limit=100&offset=0&region=SA&state=voting,configuring,ready,ongoing","level":"debug"}
{"message":"csgo - 0 - SA -> 1","level":"debug"}
{"message":"Retrieving page 1 for csgo - SA","level":"info"}
{"message":"URL: https://api.faceit.com/core/v1/matches?game=csgo&limit=100&offset=100&region=SA&state=voting,configuring,ready,ongoing","level":"debug"}
{"message":"csgo - 1 - SA -> 0","level":"debug"}
{"message":"Finished cycle for csgo, took 22461ms and retrieved 990 matches","level":"info"}
{"message":"Cycle done","level":"info"}
{"message":"Starting FaceIT scraper","level":"info"}
{"message":"Starting cycle","level":"info"}
{"message":"Executing cycle for csgo","level":"info"}
{"message":"Retrieving page 0 for csgo - EU","level":"info"}
{"message":"Executing cycle for tf2","level":"info"}
{"message":"Retrieving page 0 for tf2 - EU","level":"info"}
{"message":"Retrieving page 0 for tf2 - US","level":"info"}
{"message":"Finished cycle for tf2, took 696ms and retrieved 0 matches","level":"info"}
{"message":"Starting FaceIT scraper","level":"info"}
{"message":"Starting cycle","level":"info"}
{"message":"Executing cycle for csgo","level":"info"}
{"message":"Retrieving page 0 for csgo - EU","level":"info"}
{"message":"Executing cycle for tf2","level":"info"}
{"message":"Retrieving page 0 for tf2 - EU","level":"info"}
{"message":"Retrieving page 0 for tf2 - US","level":"info"}
{"message":"Finished cycle for tf2, took 692ms and retrieved 0 matches","level":"info"}
{"message":"Retrieving page 1 for csgo - EU","level":"info"}
{"message":"Retrieving page 2 for csgo - EU","level":"info"}
{"message":"Retrieving page 3 for csgo - EU","level":"info"}
{"message":"Retrieving page 4 for csgo - EU","level":"info"}
{"message":"Retrieving page 5 for csgo - EU","level":"info"}
{"message":"Retrieving page 6 for csgo - EU","level":"info"}
{"message":"Retrieving page 7 for csgo - EU","level":"info"}
{"message":"Retrieving page 8 for csgo - EU","level":"info"}
{"message":"Retrieving page 9 for csgo - EU","level":"info"}
{"message":"Retrieving page 10 for csgo - EU","level":"info"}
{"message":"Retrieving page 0 for csgo - US","level":"info"}
{"message":"Retrieving page 1 for csgo - US","level":"info"}
{"message":"Retrieving page 0 for csgo - SEA","level":"info"}
{"message":"Retrieving page 1 for csgo - SEA","level":"info"}
{"message":"Retrieving page 0 for csgo - Oceania","level":"info"}
{"message":"Retrieving page 1 for csgo - Oceania","level":"info"}
{"message":"Retrieving page 0 for csgo - SA","level":"info"}
{"message":"Retrieving page 1 for csgo - SA","level":"info"}
{"message":"Finished cycle for csgo, took 27962ms and retrieved 985 matches","level":"info"}
{"message":"Cycle done","level":"info"}
{"message":"Starting cycle","level":"info"}
{"message":"Executing cycle for csgo","level":"info"}
{"message":"Retrieving page 0 for csgo - EU","level":"info"}
{"message":"Executing cycle for tf2","level":"info"}
{"message":"Retrieving page 0 for tf2 - EU","level":"info"}
{"message":"Retrieving page 0 for tf2 - US","level":"info"}
{"message":"Finished cycle for tf2, took 670ms and retrieved 0 matches","level":"info"}
{"message":"Retrieving page 1 for csgo - EU","level":"info"}
{"message":"Retrieving page 2 for csgo - EU","level":"info"}
{"message":"Retrieving page 3 for csgo - EU","level":"info"}
{"message":"Retrieving page 4 for csgo - EU","level":"info"}
{"message":"Retrieving page 5 for csgo - EU","level":"info"}
{"message":"Retrieving page 6 for csgo - EU","level":"info"}
{"message":"Retrieving page 7 for csgo - EU","level":"info"}
{"message":"Retrieving page 8 for csgo - EU","level":"info"}
{"message":"Retrieving page 9 for csgo - EU","level":"info"}
{"message":"Retrieving page 10 for csgo - EU","level":"info"}
{"message":"Retrieving page 0 for csgo - US","level":"info"}
{"message":"Retrieving page 1 for csgo - US","level":"info"}
{"message":"Retrieving page 0 for csgo - SEA","level":"info"}
{"message":"Retrieving page 1 for csgo - SEA","level":"info"}
{"message":"Retrieving page 0 for csgo - Oceania","level":"info"}
{"message":"Retrieving page 1 for csgo - Oceania","level":"info"}
{"message":"Retrieving page 0 for csgo - SA","level":"info"}
{"message":"Retrieving page 1 for csgo - SA","level":"info"}
{"message":"Finished cycle for csgo, took 13858ms and retrieved 985 matches","level":"info"}
{"message":"Cycle done","level":"info"}
